<?xml version="1.0" encoding="UTF-8"?>
<testsuite name="CellTest" tests="5" skipped="0" failures="0" errors="0" timestamp="2022-05-04T01:00:50" hostname="Sivasanjays-MacBook-Pro.local" time="0.019">
  <properties/>
  <testcase name="shouldModifyActiveCellIntoInActiveCellWhenItHasMoreThanThreeNeighbours()" classname="CellTest" time="0.014"/>
  <testcase name="shouldModifyInActiveCellIntoActiveCellWhenItHasExactlyTwoOrThreeNeighbours()" classname="CellTest" time="0.0"/>
  <testcase name="shouldReturnActiveCellWhenCellActivationIsDone()" classname="CellTest" time="0.0"/>
  <testcase name="shouldModifyActiveCellIntoInActiveCellWhenItHasLessThanTwoNeighbours()" classname="CellTest" time="0.001"/>
  <testcase name="shouldReturnInActiveCellWhenCellIsCreatedFirstTimeForBoard()" classname="CellTest" time="0.0"/>
  <system-out><![CDATA[]]></system-out>
  <system-err><![CDATA[]]></system-err>
</testsuite>
